Using pre-set license
Built from '2020.2/release' branch; Version is '2020.2.2f1 (068178b99f32) revision 426360'; Using compiler version '192528614'; Build Type 'Release'
OS: 'Windows 10 Home; OS build 18363.1316; Version 1909; 64bit' Language: 'es' Physical Memory: 8128 MB
BatchMode: 1, IsHumanControllingUs: 0, StartBugReporterOnCrash: 0, Is64bit: 1, IsPro: 0

 COMMAND LINE ARGUMENTS:
C:\Program Files\Unity\Hub\Editor\2020.2.2f1\Editor\Unity.exe
-adb2
-batchMode
-noUpm
-name
AssetImportWorker0
-projectPath
C:/Users/ismae/FirstPersonPortfolio
-logFile
Logs/AssetImportWorker0.log
-srvPort
53707
Successfully changed project path to: C:/Users/ismae/FirstPersonPortfolio
C:/Users/ismae/FirstPersonPortfolio
Using Asset Import Pipeline V2.
Refreshing native plugins compatible for Editor in 44.83 ms, found 0 plugins.
Preloading 0 native plugins for Editor in 0.00 ms.
Initialize engine version: 2020.2.2f1 (068178b99f32)
[Subsystems] Discovering subsystems at path C:/Program Files/Unity/Hub/Editor/2020.2.2f1/Editor/Data/Resources/UnitySubsystems
[Subsystems] Discovering subsystems at path C:/Users/ismae/FirstPersonPortfolio/Assets
GfxDevice: creating device client; threaded=0
Direct3D:
    Version:  Direct3D 11.0 [level 11.0]
    Renderer: NVIDIA GeForce GTX 750 Ti (ID=0x1380)
    Vendor:   
    VRAM:     2007 MB
    Driver:   26.21.14.4250
Initialize mono
Mono path[0] = 'C:/Program Files/Unity/Hub/Editor/2020.2.2f1/Editor/Data/Managed'
Mono path[1] = 'C:/Program Files/Unity/Hub/Editor/2020.2.2f1/Editor/Data/MonoBleedingEdge/lib/mono/unityjit'
Mono config path = 'C:/Program Files/Unity/Hub/Editor/2020.2.2f1/Editor/Data/MonoBleedingEdge/etc'
Using monoOptions --debugger-agent=transport=dt_socket,embedding=1,server=y,suspend=n,address=127.0.0.1:56904
Begin MonoManager ReloadAssembly
Registering precompiled unity dll's ...
Register platform support module: C:/Program Files/Unity/Hub/Editor/2020.2.2f1/Editor/Data/PlaybackEngines/WindowsStandaloneSupport/UnityEditor.WindowsStandalone.Extensions.dll
Registered in 0.001926 seconds.
Native extension for WindowsStandalone target not found
Refreshing native plugins compatible for Editor in 34.36 ms, found 0 plugins.
Preloading 0 native plugins for Editor in 0.00 ms.
Invoked RoslynAnalysisRunner static constructor.
RoslynAnalysisRunner will not be running.
RoslynAnalysisRunner has terminated.
Mono: successfully reloaded assembly
- Completed reload, in  1.241 seconds
Platform modules already initialized, skipping
Registering precompiled user dll's ...
Registered in 0.001247 seconds.
Begin MonoManager ReloadAssembly
Native extension for WindowsStandalone target not found
Refreshing native plugins compatible for Editor in 0.27 ms, found 0 plugins.
Preloading 0 native plugins for Editor in 0.00 ms.
Invoked RoslynAnalysisRunner static constructor.
RoslynAnalysisRunner will not be running.
RoslynAnalysisRunner has terminated.
Mono: successfully reloaded assembly
- Completed reload, in  1.089 seconds
Platform modules already initialized, skipping
========================================================================
Worker process is ready to serve import requests
Launched and connected shader compiler UnityShaderCompiler.exe after 0.06 seconds
Refreshing native plugins compatible for Editor in 0.41 ms, found 0 plugins.
Preloading 0 native plugins for Editor in 0.00 ms.
Unloading 1473 Unused Serialized files (Serialized files now loaded: 0)
System memory in use before: 72.1 MB.
System memory in use after: 72.1 MB.

Unloading 67 unused Assets to reduce memory usage. Loaded Objects now: 1911.
Total: 2.795200 ms (FindLiveObjects: 0.366100 ms CreateObjectMapping: 0.098900 ms MarkObjects: 2.119600 ms  DeleteObjects: 0.209600 ms)

========================================================================
Received Import Request.
  path: Assets/Scripts/APIController.cs
  artifactKey: Guid(40f2c758ab0ddff4c8ed1ac7805c4127) Importer(815301076,1909f56bfc062723c751e8b465ee728b)
Start importing Assets/Scripts/APIController.cs using Guid(40f2c758ab0ddff4c8ed1ac7805c4127) Importer(815301076,1909f56bfc062723c751e8b465ee728b)  -> (artifact id: '390bebb2b6278404f16449047e8504d4') in 0.034989 seconds
  Import took 0.037848 seconds .

========================================================================
Received Prepare
Registering precompiled user dll's ...
Registered in 0.000826 seconds.
Begin MonoManager ReloadAssembly
Native extension for WindowsStandalone target not found
Refreshing native plugins compatible for Editor in 0.26 ms, found 0 plugins.
Preloading 0 native plugins for Editor in 0.00 ms.
Warning: Annotation not found!
UnityEngine.StackTraceUtility:ExtractStackTrace ()
UnityEditor.ProBuilder.EditorUtility:SetGizmoIconEnabled (System.Type,bool) (at Library/PackageCache/com.unity.probuilder@4.4.0/Editor/EditorCore/EditorUtility.cs:593)
UnityEditor.ProBuilder.HierarchyListener:.cctor () (at Library/PackageCache/com.unity.probuilder@4.4.0/Editor/EditorCore/HierarchyListener.cs:21)
System.Runtime.CompilerServices.RuntimeHelpers:RunClassConstructor (System.RuntimeTypeHandle)
UnityEditor.EditorAssemblies:ProcessInitializeOnLoadAttributes (System.Type[])

[Library/PackageCache/com.unity.probuilder@4.4.0/Editor/EditorCore/EditorUtility.cs line 593]

Invoked RoslynAnalysisRunner static constructor.
RoslynAnalysisRunner will not be running.
RoslynAnalysisRunner has terminated.
Mono: successfully reloaded assembly
- Completed reload, in  0.928 seconds
Platform modules already initialized, skipping
Refreshing native plugins compatible for Editor in 0.28 ms, found 0 plugins.
Preloading 0 native plugins for Editor in 0.00 ms.
Unloading 1439 Unused Serialized files (Serialized files now loaded: 0)
System memory in use before: 70.4 MB.
System memory in use after: 70.5 MB.

Unloading 5 unused Assets to reduce memory usage. Loaded Objects now: 1913.
Total: 3.157100 ms (FindLiveObjects: 0.182100 ms CreateObjectMapping: 0.059300 ms MarkObjects: 2.807500 ms  DeleteObjects: 0.106700 ms)

========================================================================
Received Prepare
Registering precompiled user dll's ...
Registered in 0.002179 seconds.
Begin MonoManager ReloadAssembly
Native extension for WindowsStandalone target not found
Refreshing native plugins compatible for Editor in 1.26 ms, found 0 plugins.
Preloading 0 native plugins for Editor in 0.00 ms.
Warning: Annotation not found!
UnityEngine.StackTraceUtility:ExtractStackTrace ()
UnityEditor.ProBuilder.EditorUtility:SetGizmoIconEnabled (System.Type,bool) (at Library/PackageCache/com.unity.probuilder@4.4.0/Editor/EditorCore/EditorUtility.cs:593)
UnityEditor.ProBuilder.HierarchyListener:.cctor () (at Library/PackageCache/com.unity.probuilder@4.4.0/Editor/EditorCore/HierarchyListener.cs:21)
System.Runtime.CompilerServices.RuntimeHelpers:RunClassConstructor (System.RuntimeTypeHandle)
UnityEditor.EditorAssemblies:ProcessInitializeOnLoadAttributes (System.Type[])

[Library/PackageCache/com.unity.probuilder@4.4.0/Editor/EditorCore/EditorUtility.cs line 593]

Invoked RoslynAnalysisRunner static constructor.
RoslynAnalysisRunner will not be running.
RoslynAnalysisRunner has terminated.
Mono: successfully reloaded assembly
- Completed reload, in 15.235 seconds
Platform modules already initialized, skipping
Refreshing native plugins compatible for Editor in 2.28 ms, found 0 plugins.
Preloading 0 native plugins for Editor in 0.00 ms.
Unloading 1439 Unused Serialized files (Serialized files now loaded: 0)
System memory in use before: 70.8 MB.
System memory in use after: 70.9 MB.

Unloading 5 unused Assets to reduce memory usage. Loaded Objects now: 1915.
Total: 3.849600 ms (FindLiveObjects: 0.246700 ms CreateObjectMapping: 0.291600 ms MarkObjects: 3.225700 ms  DeleteObjects: 0.083800 ms)

========================================================================
Received Prepare
Registering precompiled user dll's ...
Registered in 0.001004 seconds.
Begin MonoManager ReloadAssembly
Native extension for WindowsStandalone target not found
Refreshing native plugins compatible for Editor in 0.42 ms, found 0 plugins.
Preloading 0 native plugins for Editor in 0.00 ms.
Warning: Annotation not found!
UnityEngine.StackTraceUtility:ExtractStackTrace ()
UnityEditor.ProBuilder.EditorUtility:SetGizmoIconEnabled (System.Type,bool) (at Library/PackageCache/com.unity.probuilder@4.4.0/Editor/EditorCore/EditorUtility.cs:593)
UnityEditor.ProBuilder.HierarchyListener:.cctor () (at Library/PackageCache/com.unity.probuilder@4.4.0/Editor/EditorCore/HierarchyListener.cs:21)
System.Runtime.CompilerServices.RuntimeHelpers:RunClassConstructor (System.RuntimeTypeHandle)
UnityEditor.EditorAssemblies:ProcessInitializeOnLoadAttributes (System.Type[])

[Library/PackageCache/com.unity.probuilder@4.4.0/Editor/EditorCore/EditorUtility.cs line 593]

Invoked RoslynAnalysisRunner static constructor.
RoslynAnalysisRunner will not be running.
RoslynAnalysisRunner has terminated.
Mono: successfully reloaded assembly
- Completed reload, in  0.916 seconds
Platform modules already initialized, skipping
Refreshing native plugins compatible for Editor in 0.29 ms, found 0 plugins.
Preloading 0 native plugins for Editor in 0.00 ms.
Unloading 1439 Unused Serialized files (Serialized files now loaded: 0)
System memory in use before: 70.8 MB.
System memory in use after: 70.9 MB.

Unloading 5 unused Assets to reduce memory usage. Loaded Objects now: 1917.
Total: 2.033000 ms (FindLiveObjects: 0.149300 ms CreateObjectMapping: 0.046600 ms MarkObjects: 1.741400 ms  DeleteObjects: 0.094900 ms)

========================================================================
Received Import Request.
  Time since last request: 298.097058 seconds.
  path: Assets/Scripts/APIController.cs
  artifactKey: Guid(40f2c758ab0ddff4c8ed1ac7805c4127) Importer(815301076,1909f56bfc062723c751e8b465ee728b)
Start importing Assets/Scripts/APIController.cs using Guid(40f2c758ab0ddff4c8ed1ac7805c4127) Importer(815301076,1909f56bfc062723c751e8b465ee728b)  -> (artifact id: '785279b9bf2e94db2da54414474aff66') in 0.005109 seconds
  Import took 0.007736 seconds .

========================================================================
Received Import Request.
  Time since last request: 25.608353 seconds.
  path: Assets/Scripts/APIController.cs
  artifactKey: Guid(40f2c758ab0ddff4c8ed1ac7805c4127) Importer(815301076,1909f56bfc062723c751e8b465ee728b)
Start importing Assets/Scripts/APIController.cs using Guid(40f2c758ab0ddff4c8ed1ac7805c4127) Importer(815301076,1909f56bfc062723c751e8b465ee728b)  -> (artifact id: '43480949a8fa0b5b52dc05d3255a0437') in 0.032393 seconds
  Import took 0.041259 seconds .

========================================================================
Received Import Request.
  Time since last request: 92.206411 seconds.
  path: Assets/Scripts/APIController.cs
  artifactKey: Guid(40f2c758ab0ddff4c8ed1ac7805c4127) Importer(815301076,1909f56bfc062723c751e8b465ee728b)
Start importing Assets/Scripts/APIController.cs using Guid(40f2c758ab0ddff4c8ed1ac7805c4127) Importer(815301076,1909f56bfc062723c751e8b465ee728b)  -> (artifact id: '1a34b77ccec87b3480e41cfd1195bd2c') in 0.015158 seconds
  Import took 0.018803 seconds .

========================================================================
Received Import Request.
  Time since last request: 0.006513 seconds.
  path: Assets/Scripts/APIController.cs
  artifactKey: Guid(40f2c758ab0ddff4c8ed1ac7805c4127) Importer(815301076,1909f56bfc062723c751e8b465ee728b)
Start importing Assets/Scripts/APIController.cs using Guid(40f2c758ab0ddff4c8ed1ac7805c4127) Importer(815301076,1909f56bfc062723c751e8b465ee728b)  -> (artifact id: '1a34b77ccec87b3480e41cfd1195bd2c') in 0.005744 seconds
  Import took 0.009459 seconds .

========================================================================
Received Prepare
Registering precompiled user dll's ...
Registered in 0.000898 seconds.
Begin MonoManager ReloadAssembly
Native extension for WindowsStandalone target not found
Refreshing native plugins compatible for Editor in 0.26 ms, found 0 plugins.
Preloading 0 native plugins for Editor in 0.00 ms.
Warning: Annotation not found!
UnityEngine.StackTraceUtility:ExtractStackTrace ()
UnityEditor.ProBuilder.EditorUtility:SetGizmoIconEnabled (System.Type,bool) (at Library/PackageCache/com.unity.probuilder@4.4.0/Editor/EditorCore/EditorUtility.cs:593)
UnityEditor.ProBuilder.HierarchyListener:.cctor () (at Library/PackageCache/com.unity.probuilder@4.4.0/Editor/EditorCore/HierarchyListener.cs:21)
System.Runtime.CompilerServices.RuntimeHelpers:RunClassConstructor (System.RuntimeTypeHandle)
UnityEditor.EditorAssemblies:ProcessInitializeOnLoadAttributes (System.Type[])

[Library/PackageCache/com.unity.probuilder@4.4.0/Editor/EditorCore/EditorUtility.cs line 593]

Invoked RoslynAnalysisRunner static constructor.
RoslynAnalysisRunner will not be running.
RoslynAnalysisRunner has terminated.
Mono: successfully reloaded assembly
- Completed reload, in  0.925 seconds
Platform modules already initialized, skipping
Refreshing native plugins compatible for Editor in 0.29 ms, found 0 plugins.
Preloading 0 native plugins for Editor in 0.00 ms.
Unloading 1439 Unused Serialized files (Serialized files now loaded: 0)
System memory in use before: 71.5 MB.
System memory in use after: 71.5 MB.

Unloading 5 unused Assets to reduce memory usage. Loaded Objects now: 1919.
Total: 2.388100 ms (FindLiveObjects: 0.188200 ms CreateObjectMapping: 0.057400 ms MarkObjects: 2.063900 ms  DeleteObjects: 0.077500 ms)

========================================================================
Received Import Request.
  Time since last request: 26.161609 seconds.
  path: Assets/Scripts/APIController.cs
  artifactKey: Guid(40f2c758ab0ddff4c8ed1ac7805c4127) Importer(815301076,1909f56bfc062723c751e8b465ee728b)
Start importing Assets/Scripts/APIController.cs using Guid(40f2c758ab0ddff4c8ed1ac7805c4127) Importer(815301076,1909f56bfc062723c751e8b465ee728b)  -> (artifact id: '4d992ad82bbd3e2d71aae8d80d8ebd28') in 0.005722 seconds
  Import took 0.024261 seconds .

========================================================================
Received Import Request.
  Time since last request: 1.603492 seconds.
  path: Assets/Scripts/APIController.cs
  artifactKey: Guid(40f2c758ab0ddff4c8ed1ac7805c4127) Importer(815301076,1909f56bfc062723c751e8b465ee728b)
Start importing Assets/Scripts/APIController.cs using Guid(40f2c758ab0ddff4c8ed1ac7805c4127) Importer(815301076,1909f56bfc062723c751e8b465ee728b)  -> (artifact id: '4d992ad82bbd3e2d71aae8d80d8ebd28') in 0.005287 seconds
  Import took 0.008079 seconds .

========================================================================
Received Prepare
Registering precompiled user dll's ...
Registered in 0.000891 seconds.
Begin MonoManager ReloadAssembly
Native extension for WindowsStandalone target not found
Refreshing native plugins compatible for Editor in 0.37 ms, found 0 plugins.
Preloading 0 native plugins for Editor in 0.00 ms.
Warning: Annotation not found!
UnityEngine.StackTraceUtility:ExtractStackTrace ()
UnityEditor.ProBuilder.EditorUtility:SetGizmoIconEnabled (System.Type,bool) (at Library/PackageCache/com.unity.probuilder@4.4.0/Editor/EditorCore/EditorUtility.cs:593)
UnityEditor.ProBuilder.HierarchyListener:.cctor () (at Library/PackageCache/com.unity.probuilder@4.4.0/Editor/EditorCore/HierarchyListener.cs:21)
System.Runtime.CompilerServices.RuntimeHelpers:RunClassConstructor (System.RuntimeTypeHandle)
UnityEditor.EditorAssemblies:ProcessInitializeOnLoadAttributes (System.Type[])

[Library/PackageCache/com.unity.probuilder@4.4.0/Editor/EditorCore/EditorUtility.cs line 593]

Invoked RoslynAnalysisRunner static constructor.
RoslynAnalysisRunner will not be running.
RoslynAnalysisRunner has terminated.
Mono: successfully reloaded assembly
- Completed reload, in  1.283 seconds
Platform modules already initialized, skipping
Refreshing native plugins compatible for Editor in 0.31 ms, found 0 plugins.
Preloading 0 native plugins for Editor in 0.00 ms.
Unloading 1439 Unused Serialized files (Serialized files now loaded: 0)
System memory in use before: 71.8 MB.
System memory in use after: 71.9 MB.

Unloading 5 unused Assets to reduce memory usage. Loaded Objects now: 1921.
Total: 2.232600 ms (FindLiveObjects: 0.197300 ms CreateObjectMapping: 0.051200 ms MarkObjects: 1.901400 ms  DeleteObjects: 0.081500 ms)

========================================================================
Received Prepare
Registering precompiled user dll's ...
Registered in 0.000890 seconds.
Begin MonoManager ReloadAssembly
Native extension for WindowsStandalone target not found
Refreshing native plugins compatible for Editor in 0.26 ms, found 0 plugins.
Preloading 0 native plugins for Editor in 0.00 ms.
Warning: Annotation not found!
UnityEngine.StackTraceUtility:ExtractStackTrace ()
UnityEditor.ProBuilder.EditorUtility:SetGizmoIconEnabled (System.Type,bool) (at Library/PackageCache/com.unity.probuilder@4.4.0/Editor/EditorCore/EditorUtility.cs:593)
UnityEditor.ProBuilder.HierarchyListener:.cctor () (at Library/PackageCache/com.unity.probuilder@4.4.0/Editor/EditorCore/HierarchyListener.cs:21)
System.Runtime.CompilerServices.RuntimeHelpers:RunClassConstructor (System.RuntimeTypeHandle)
UnityEditor.EditorAssemblies:ProcessInitializeOnLoadAttributes (System.Type[])

[Library/PackageCache/com.unity.probuilder@4.4.0/Editor/EditorCore/EditorUtility.cs line 593]

Invoked RoslynAnalysisRunner static constructor.
RoslynAnalysisRunner will not be running.
RoslynAnalysisRunner has terminated.
Mono: successfully reloaded assembly
- Completed reload, in  0.938 seconds
Platform modules already initialized, skipping
Refreshing native plugins compatible for Editor in 0.27 ms, found 0 plugins.
Preloading 0 native plugins for Editor in 0.00 ms.
Unloading 1439 Unused Serialized files (Serialized files now loaded: 0)
System memory in use before: 71.8 MB.
System memory in use after: 71.9 MB.

Unloading 5 unused Assets to reduce memory usage. Loaded Objects now: 1923.
Total: 2.251600 ms (FindLiveObjects: 0.201400 ms CreateObjectMapping: 0.079500 ms MarkObjects: 1.849700 ms  DeleteObjects: 0.119900 ms)

========================================================================
Received Import Request.
  Time since last request: 656.239712 seconds.
  path: Assets/Scripts/APIController.cs
  artifactKey: Guid(40f2c758ab0ddff4c8ed1ac7805c4127) Importer(815301076,1909f56bfc062723c751e8b465ee728b)
Start importing Assets/Scripts/APIController.cs using Guid(40f2c758ab0ddff4c8ed1ac7805c4127) Importer(815301076,1909f56bfc062723c751e8b465ee728b)  -> (artifact id: '094fa3490850090909fcb503096ec2cd') in 0.008242 seconds
  Import took 0.028636 seconds .

========================================================================
Received Prepare
Registering precompiled user dll's ...
Registered in 0.000869 seconds.
Begin MonoManager ReloadAssembly
Native extension for WindowsStandalone target not found
Refreshing native plugins compatible for Editor in 0.27 ms, found 0 plugins.
Preloading 0 native plugins for Editor in 0.00 ms.
Warning: Annotation not found!
UnityEngine.StackTraceUtility:ExtractStackTrace ()
UnityEditor.ProBuilder.EditorUtility:SetGizmoIconEnabled (System.Type,bool) (at Library/PackageCache/com.unity.probuilder@4.4.0/Editor/EditorCore/EditorUtility.cs:593)
UnityEditor.ProBuilder.HierarchyListener:.cctor () (at Library/PackageCache/com.unity.probuilder@4.4.0/Editor/EditorCore/HierarchyListener.cs:21)
System.Runtime.CompilerServices.RuntimeHelpers:RunClassConstructor (System.RuntimeTypeHandle)
UnityEditor.EditorAssemblies:ProcessInitializeOnLoadAttributes (System.Type[])

[Library/PackageCache/com.unity.probuilder@4.4.0/Editor/EditorCore/EditorUtility.cs line 593]

Invoked RoslynAnalysisRunner static constructor.
RoslynAnalysisRunner will not be running.
RoslynAnalysisRunner has terminated.
Mono: successfully reloaded assembly
- Completed reload, in  0.911 seconds
Platform modules already initialized, skipping
Refreshing native plugins compatible for Editor in 0.29 ms, found 0 plugins.
Preloading 0 native plugins for Editor in 0.00 ms.
Unloading 1439 Unused Serialized files (Serialized files now loaded: 0)
System memory in use before: 71.5 MB.
System memory in use after: 71.5 MB.

Unloading 5 unused Assets to reduce memory usage. Loaded Objects now: 1925.
Total: 2.383900 ms (FindLiveObjects: 0.205100 ms CreateObjectMapping: 0.044600 ms MarkObjects: 2.022700 ms  DeleteObjects: 0.110500 ms)

========================================================================
Received Import Request.
  Time since last request: 41.656139 seconds.
  path: Assets/Objects/Project.prefab
  artifactKey: Guid(9721c19bb44f3db49bfb0ba0771df9d1) Importer(815301076,1909f56bfc062723c751e8b465ee728b)
Start importing Assets/Objects/Project.prefab using Guid(9721c19bb44f3db49bfb0ba0771df9d1) Importer(815301076,1909f56bfc062723c751e8b465ee728b)  -> (artifact id: '0399da8c830362637c7522b7537a8c00') in 0.051025 seconds
  Import took 0.054342 seconds .

========================================================================
Received Prepare
Registering precompiled user dll's ...
Registered in 0.000864 seconds.
Begin MonoManager ReloadAssembly
Native extension for WindowsStandalone target not found
Refreshing native plugins compatible for Editor in 0.71 ms, found 0 plugins.
Preloading 0 native plugins for Editor in 0.00 ms.
Warning: Annotation not found!
UnityEngine.StackTraceUtility:ExtractStackTrace ()
UnityEditor.ProBuilder.EditorUtility:SetGizmoIconEnabled (System.Type,bool) (at Library/PackageCache/com.unity.probuilder@4.4.0/Editor/EditorCore/EditorUtility.cs:593)
UnityEditor.ProBuilder.HierarchyListener:.cctor () (at Library/PackageCache/com.unity.probuilder@4.4.0/Editor/EditorCore/HierarchyListener.cs:21)
System.Runtime.CompilerServices.RuntimeHelpers:RunClassConstructor (System.RuntimeTypeHandle)
UnityEditor.EditorAssemblies:ProcessInitializeOnLoadAttributes (System.Type[])

[Library/PackageCache/com.unity.probuilder@4.4.0/Editor/EditorCore/EditorUtility.cs line 593]

Invoked RoslynAnalysisRunner static constructor.
RoslynAnalysisRunner will not be running.
RoslynAnalysisRunner has terminated.
Mono: successfully reloaded assembly
- Completed reload, in  1.478 seconds
Platform modules already initialized, skipping
Refreshing native plugins compatible for Editor in 0.82 ms, found 0 plugins.
Preloading 0 native plugins for Editor in 0.00 ms.
Unloading 1439 Unused Serialized files (Serialized files now loaded: 0)
System memory in use before: 71.5 MB.
System memory in use after: 71.6 MB.

Unloading 5 unused Assets to reduce memory usage. Loaded Objects now: 1929.
Total: 3.079600 ms (FindLiveObjects: 0.234100 ms CreateObjectMapping: 0.114100 ms MarkObjects: 2.631100 ms  DeleteObjects: 0.098900 ms)

========================================================================
Received Import Request.
  Time since last request: 9.607576 seconds.
  path: Assets/Objects/Project.prefab
  artifactKey: Guid(9721c19bb44f3db49bfb0ba0771df9d1) Importer(815301076,1909f56bfc062723c751e8b465ee728b)
Start importing Assets/Objects/Project.prefab using Guid(9721c19bb44f3db49bfb0ba0771df9d1) Importer(815301076,1909f56bfc062723c751e8b465ee728b)  -> (artifact id: '815b9e454e4b9678861d72992150b139') in 0.056850 seconds
  Import took 0.078903 seconds .

========================================================================
Received Import Request.
  Time since last request: 0.007382 seconds.
  path: Assets/Objects/Project.prefab
  artifactKey: Guid(9721c19bb44f3db49bfb0ba0771df9d1) Importer(815301076,1909f56bfc062723c751e8b465ee728b)
Start importing Assets/Objects/Project.prefab using Guid(9721c19bb44f3db49bfb0ba0771df9d1) Importer(815301076,1909f56bfc062723c751e8b465ee728b)  -> (artifact id: '815b9e454e4b9678861d72992150b139') in 0.005071 seconds
  Import took 0.008154 seconds .

========================================================================
Received Import Request.
  Time since last request: 5.331497 seconds.
  path: Assets/Objects/Project.prefab
  artifactKey: Guid(9721c19bb44f3db49bfb0ba0771df9d1) Importer(815301076,1909f56bfc062723c751e8b465ee728b)
Start importing Assets/Objects/Project.prefab using Guid(9721c19bb44f3db49bfb0ba0771df9d1) Importer(815301076,1909f56bfc062723c751e8b465ee728b)  -> (artifact id: '5b88e47d9cdc9ca3e26d4fc56d0260b5') in 0.006180 seconds
  Import took 0.009459 seconds .

========================================================================
Received Import Request.
  Time since last request: 0.009887 seconds.
  path: Assets/Objects/Project.prefab
  artifactKey: Guid(9721c19bb44f3db49bfb0ba0771df9d1) Importer(815301076,1909f56bfc062723c751e8b465ee728b)
Start importing Assets/Objects/Project.prefab using Guid(9721c19bb44f3db49bfb0ba0771df9d1) Importer(815301076,1909f56bfc062723c751e8b465ee728b)  -> (artifact id: '5b88e47d9cdc9ca3e26d4fc56d0260b5') in 0.006930 seconds
  Import took 0.010864 seconds .

========================================================================
Received Prepare
Registering precompiled user dll's ...
Registered in 0.001312 seconds.
Begin MonoManager ReloadAssembly
Native extension for WindowsStandalone target not found
Refreshing native plugins compatible for Editor in 0.57 ms, found 0 plugins.
Preloading 0 native plugins for Editor in 0.00 ms.
Warning: Annotation not found!
UnityEngine.StackTraceUtility:ExtractStackTrace ()
UnityEditor.ProBuilder.EditorUtility:SetGizmoIconEnabled (System.Type,bool) (at Library/PackageCache/com.unity.probuilder@4.4.0/Editor/EditorCore/EditorUtility.cs:593)
UnityEditor.ProBuilder.HierarchyListener:.cctor () (at Library/PackageCache/com.unity.probuilder@4.4.0/Editor/EditorCore/HierarchyListener.cs:21)
System.Runtime.CompilerServices.RuntimeHelpers:RunClassConstructor (System.RuntimeTypeHandle)
UnityEditor.EditorAssemblies:ProcessInitializeOnLoadAttributes (System.Type[])

[Library/PackageCache/com.unity.probuilder@4.4.0/Editor/EditorCore/EditorUtility.cs line 593]

Invoked RoslynAnalysisRunner static constructor.
RoslynAnalysisRunner will not be running.
RoslynAnalysisRunner has terminated.
Mono: successfully reloaded assembly
- Completed reload, in  2.160 seconds
Platform modules already initialized, skipping
Refreshing native plugins compatible for Editor in 0.39 ms, found 0 plugins.
Preloading 0 native plugins for Editor in 0.00 ms.
Unloading 1439 Unused Serialized files (Serialized files now loaded: 0)
System memory in use before: 71.6 MB.
System memory in use after: 71.7 MB.

Unloading 5 unused Assets to reduce memory usage. Loaded Objects now: 1931.
Total: 3.700600 ms (FindLiveObjects: 0.278000 ms CreateObjectMapping: 0.071400 ms MarkObjects: 3.151300 ms  DeleteObjects: 0.198200 ms)

========================================================================
Received Import Request.
  Time since last request: 224.496822 seconds.
  path: Assets/Scripts/APIController.cs
  artifactKey: Guid(40f2c758ab0ddff4c8ed1ac7805c4127) Importer(815301076,1909f56bfc062723c751e8b465ee728b)
Start importing Assets/Scripts/APIController.cs using Guid(40f2c758ab0ddff4c8ed1ac7805c4127) Importer(815301076,1909f56bfc062723c751e8b465ee728b)  -> (artifact id: '302768f35a79defa7fd9e381a1b2af57') in 0.014764 seconds
  Import took 0.092332 seconds .

========================================================================
Received Prepare
Registering precompiled user dll's ...
Registered in 0.000927 seconds.
Begin MonoManager ReloadAssembly
Native extension for WindowsStandalone target not found
Refreshing native plugins compatible for Editor in 0.38 ms, found 0 plugins.
Preloading 0 native plugins for Editor in 0.00 ms.
Warning: Annotation not found!
UnityEngine.StackTraceUtility:ExtractStackTrace ()
UnityEditor.ProBuilder.EditorUtility:SetGizmoIconEnabled (System.Type,bool) (at Library/PackageCache/com.unity.probuilder@4.4.0/Editor/EditorCore/EditorUtility.cs:593)
UnityEditor.ProBuilder.HierarchyListener:.cctor () (at Library/PackageCache/com.unity.probuilder@4.4.0/Editor/EditorCore/HierarchyListener.cs:21)
System.Runtime.CompilerServices.RuntimeHelpers:RunClassConstructor (System.RuntimeTypeHandle)
UnityEditor.EditorAssemblies:ProcessInitializeOnLoadAttributes (System.Type[])

[Library/PackageCache/com.unity.probuilder@4.4.0/Editor/EditorCore/EditorUtility.cs line 593]

Invoked RoslynAnalysisRunner static constructor.
RoslynAnalysisRunner will not be running.
RoslynAnalysisRunner has terminated.
Mono: successfully reloaded assembly
- Completed reload, in  1.080 seconds
Platform modules already initialized, skipping
Refreshing native plugins compatible for Editor in 0.46 ms, found 0 plugins.
Preloading 0 native plugins for Editor in 0.00 ms.
Unloading 1439 Unused Serialized files (Serialized files now loaded: 0)
System memory in use before: 71.2 MB.
System memory in use after: 71.3 MB.

Unloading 5 unused Assets to reduce memory usage. Loaded Objects now: 1933.
Total: 2.987500 ms (FindLiveObjects: 0.232500 ms CreateObjectMapping: 0.173400 ms MarkObjects: 2.459400 ms  DeleteObjects: 0.080600 ms)

========================================================================
Received Import Request.
  Time since last request: 29.385831 seconds.
  path: Assets/Scripts/APIController.cs
  artifactKey: Guid(40f2c758ab0ddff4c8ed1ac7805c4127) Importer(815301076,1909f56bfc062723c751e8b465ee728b)
Start importing Assets/Scripts/APIController.cs using Guid(40f2c758ab0ddff4c8ed1ac7805c4127) Importer(815301076,1909f56bfc062723c751e8b465ee728b)  -> (artifact id: 'cfea48d445bf0e9b21510b289141ebe5') in 0.008220 seconds
  Import took 0.011218 seconds .

========================================================================
Received Import Request.
  Time since last request: 0.002518 seconds.
  path: Assets/Scripts/APIController.cs
  artifactKey: Guid(40f2c758ab0ddff4c8ed1ac7805c4127) Importer(815301076,1909f56bfc062723c751e8b465ee728b)
Start importing Assets/Scripts/APIController.cs using Guid(40f2c758ab0ddff4c8ed1ac7805c4127) Importer(815301076,1909f56bfc062723c751e8b465ee728b)  -> (artifact id: 'cfea48d445bf0e9b21510b289141ebe5') in 0.003194 seconds
  Import took 0.006725 seconds .

========================================================================
Received Prepare
Registering precompiled user dll's ...
Registered in 0.001089 seconds.
Begin MonoManager ReloadAssembly
Native extension for WindowsStandalone target not found
Refreshing native plugins compatible for Editor in 0.30 ms, found 0 plugins.
Preloading 0 native plugins for Editor in 0.00 ms.
Warning: Annotation not found!
UnityEngine.StackTraceUtility:ExtractStackTrace ()
UnityEditor.ProBuilder.EditorUtility:SetGizmoIconEnabled (System.Type,bool) (at Library/PackageCache/com.unity.probuilder@4.4.0/Editor/EditorCore/EditorUtility.cs:593)
UnityEditor.ProBuilder.HierarchyListener:.cctor () (at Library/PackageCache/com.unity.probuilder@4.4.0/Editor/EditorCore/HierarchyListener.cs:21)
System.Runtime.CompilerServices.RuntimeHelpers:RunClassConstructor (System.RuntimeTypeHandle)
UnityEditor.EditorAssemblies:ProcessInitializeOnLoadAttributes (System.Type[])

[Library/PackageCache/com.unity.probuilder@4.4.0/Editor/EditorCore/EditorUtility.cs line 593]

Invoked RoslynAnalysisRunner static constructor.
RoslynAnalysisRunner will not be running.
RoslynAnalysisRunner has terminated.
Mono: successfully reloaded assembly
- Completed reload, in  1.098 seconds
Platform modules already initialized, skipping
Refreshing native plugins compatible for Editor in 0.30 ms, found 0 plugins.
Preloading 0 native plugins for Editor in 0.00 ms.
Unloading 1439 Unused Serialized files (Serialized files now loaded: 0)
System memory in use before: 71.6 MB.
System memory in use after: 71.7 MB.

Unloading 5 unused Assets to reduce memory usage. Loaded Objects now: 1935.
Total: 2.321400 ms (FindLiveObjects: 0.174500 ms CreateObjectMapping: 0.047000 ms MarkObjects: 2.003800 ms  DeleteObjects: 0.094900 ms)

========================================================================
Received Import Request.
  Time since last request: 27.485188 seconds.
  path: Assets/Scripts/APIController.cs
  artifactKey: Guid(40f2c758ab0ddff4c8ed1ac7805c4127) Importer(815301076,1909f56bfc062723c751e8b465ee728b)
Start importing Assets/Scripts/APIController.cs using Guid(40f2c758ab0ddff4c8ed1ac7805c4127) Importer(815301076,1909f56bfc062723c751e8b465ee728b)  -> (artifact id: '500faeb67848e10da1888549d076876f') in 0.005502 seconds
  Import took 0.008102 seconds .

========================================================================
Received Import Request.
  Time since last request: 1.688368 seconds.
  path: Assets/Scripts/APIController.cs
  artifactKey: Guid(40f2c758ab0ddff4c8ed1ac7805c4127) Importer(815301076,1909f56bfc062723c751e8b465ee728b)
Start importing Assets/Scripts/APIController.cs using Guid(40f2c758ab0ddff4c8ed1ac7805c4127) Importer(815301076,1909f56bfc062723c751e8b465ee728b)  -> (artifact id: '500faeb67848e10da1888549d076876f') in 0.003311 seconds
  Import took 0.007257 seconds .

========================================================================
Received Prepare
Registering precompiled user dll's ...
Registered in 0.001665 seconds.
Begin MonoManager ReloadAssembly
Native extension for WindowsStandalone target not found
Refreshing native plugins compatible for Editor in 0.38 ms, found 0 plugins.
Preloading 0 native plugins for Editor in 0.00 ms.
Warning: Annotation not found!
UnityEngine.StackTraceUtility:ExtractStackTrace ()
UnityEditor.ProBuilder.EditorUtility:SetGizmoIconEnabled (System.Type,bool) (at Library/PackageCache/com.unity.probuilder@4.4.0/Editor/EditorCore/EditorUtility.cs:593)
UnityEditor.ProBuilder.HierarchyListener:.cctor () (at Library/PackageCache/com.unity.probuilder@4.4.0/Editor/EditorCore/HierarchyListener.cs:21)
System.Runtime.CompilerServices.RuntimeHelpers:RunClassConstructor (System.RuntimeTypeHandle)
UnityEditor.EditorAssemblies:ProcessInitializeOnLoadAttributes (System.Type[])

[Library/PackageCache/com.unity.probuilder@4.4.0/Editor/EditorCore/EditorUtility.cs line 593]

Invoked RoslynAnalysisRunner static constructor.
RoslynAnalysisRunner will not be running.
RoslynAnalysisRunner has terminated.
Mono: successfully reloaded assembly
- Completed reload, in  1.178 seconds
Platform modules already initialized, skipping
Refreshing native plugins compatible for Editor in 0.34 ms, found 0 plugins.
Preloading 0 native plugins for Editor in 0.00 ms.
Unloading 1439 Unused Serialized files (Serialized files now loaded: 0)
System memory in use before: 71.7 MB.
System memory in use after: 71.7 MB.

Unloading 5 unused Assets to reduce memory usage. Loaded Objects now: 1937.
Total: 2.734600 ms (FindLiveObjects: 0.208000 ms CreateObjectMapping: 0.056400 ms MarkObjects: 2.368200 ms  DeleteObjects: 0.100400 ms)

========================================================================
Received Import Request.
  Time since last request: 45.562655 seconds.
  path: Assets/Scripts/APIController.cs
  artifactKey: Guid(40f2c758ab0ddff4c8ed1ac7805c4127) Importer(815301076,1909f56bfc062723c751e8b465ee728b)
Start importing Assets/Scripts/APIController.cs using Guid(40f2c758ab0ddff4c8ed1ac7805c4127) Importer(815301076,1909f56bfc062723c751e8b465ee728b)  -> (artifact id: 'cd8a3bb78f244f957043de09b8351e7e') in 0.007745 seconds
  Import took 0.011984 seconds .

========================================================================
Received Prepare
Registering precompiled user dll's ...
Registered in 0.000928 seconds.
Begin MonoManager ReloadAssembly
Native extension for WindowsStandalone target not found
Refreshing native plugins compatible for Editor in 0.27 ms, found 0 plugins.
Preloading 0 native plugins for Editor in 0.00 ms.
Warning: Annotation not found!
UnityEngine.StackTraceUtility:ExtractStackTrace ()
UnityEditor.ProBuilder.EditorUtility:SetGizmoIconEnabled (System.Type,bool) (at Library/PackageCache/com.unity.probuilder@4.4.0/Editor/EditorCore/EditorUtility.cs:593)
UnityEditor.ProBuilder.HierarchyListener:.cctor () (at Library/PackageCache/com.unity.probuilder@4.4.0/Editor/EditorCore/HierarchyListener.cs:21)
System.Runtime.CompilerServices.RuntimeHelpers:RunClassConstructor (System.RuntimeTypeHandle)
UnityEditor.EditorAssemblies:ProcessInitializeOnLoadAttributes (System.Type[])

[Library/PackageCache/com.unity.probuilder@4.4.0/Editor/EditorCore/EditorUtility.cs line 593]

Invoked RoslynAnalysisRunner static constructor.
RoslynAnalysisRunner will not be running.
RoslynAnalysisRunner has terminated.
Mono: successfully reloaded assembly
- Completed reload, in  0.945 seconds
Platform modules already initialized, skipping
Refreshing native plugins compatible for Editor in 0.28 ms, found 0 plugins.
Preloading 0 native plugins for Editor in 0.00 ms.
Unloading 1439 Unused Serialized files (Serialized files now loaded: 0)
System memory in use before: 71.3 MB.
System memory in use after: 71.3 MB.

Unloading 5 unused Assets to reduce memory usage. Loaded Objects now: 1939.
Total: 2.434500 ms (FindLiveObjects: 0.176700 ms CreateObjectMapping: 0.066800 ms MarkObjects: 2.067000 ms  DeleteObjects: 0.122700 ms)

========================================================================
Received Import Request.
  Time since last request: 35.249174 seconds.
  path: Assets/Scripts/APIController.cs
  artifactKey: Guid(40f2c758ab0ddff4c8ed1ac7805c4127) Importer(815301076,1909f56bfc062723c751e8b465ee728b)
Start importing Assets/Scripts/APIController.cs using Guid(40f2c758ab0ddff4c8ed1ac7805c4127) Importer(815301076,1909f56bfc062723c751e8b465ee728b)  -> (artifact id: '67696bdc57b1558c6e484d601b0e4f5f') in 0.005397 seconds
  Import took 0.008073 seconds .

========================================================================
Received Import Request.
  Time since last request: 1.799642 seconds.
  path: Assets/Scripts/APIController.cs
  artifactKey: Guid(40f2c758ab0ddff4c8ed1ac7805c4127) Importer(815301076,1909f56bfc062723c751e8b465ee728b)
Start importing Assets/Scripts/APIController.cs using Guid(40f2c758ab0ddff4c8ed1ac7805c4127) Importer(815301076,1909f56bfc062723c751e8b465ee728b)  -> (artifact id: '67696bdc57b1558c6e484d601b0e4f5f') in 0.003923 seconds
  Import took 0.007186 seconds .

========================================================================
Received Prepare
Registering precompiled user dll's ...
Registered in 0.000842 seconds.
Begin MonoManager ReloadAssembly
Native extension for WindowsStandalone target not found
Refreshing native plugins compatible for Editor in 0.35 ms, found 0 plugins.
Preloading 0 native plugins for Editor in 0.00 ms.
Warning: Annotation not found!
UnityEngine.StackTraceUtility:ExtractStackTrace ()
UnityEditor.ProBuilder.EditorUtility:SetGizmoIconEnabled (System.Type,bool) (at Library/PackageCache/com.unity.probuilder@4.4.0/Editor/EditorCore/EditorUtility.cs:593)
UnityEditor.ProBuilder.HierarchyListener:.cctor () (at Library/PackageCache/com.unity.probuilder@4.4.0/Editor/EditorCore/HierarchyListener.cs:21)
System.Runtime.CompilerServices.RuntimeHelpers:RunClassConstructor (System.RuntimeTypeHandle)
UnityEditor.EditorAssemblies:ProcessInitializeOnLoadAttributes (System.Type[])

[Library/PackageCache/com.unity.probuilder@4.4.0/Editor/EditorCore/EditorUtility.cs line 593]

Invoked RoslynAnalysisRunner static constructor.
RoslynAnalysisRunner will not be running.
RoslynAnalysisRunner has terminated.
Mono: successfully reloaded assembly
- Completed reload, in  1.264 seconds
Platform modules already initialized, skipping
Refreshing native plugins compatible for Editor in 0.59 ms, found 0 plugins.
Preloading 0 native plugins for Editor in 0.00 ms.
Unloading 1439 Unused Serialized files (Serialized files now loaded: 0)
System memory in use before: 71.6 MB.
System memory in use after: 71.7 MB.

Unloading 5 unused Assets to reduce memory usage. Loaded Objects now: 1941.
Total: 3.209800 ms (FindLiveObjects: 0.374800 ms CreateObjectMapping: 0.110400 ms MarkObjects: 2.646700 ms  DeleteObjects: 0.076400 ms)

========================================================================
Received Import Request.
  Time since last request: 42.951816 seconds.
  path: Assets/Scripts/APIController.cs
  artifactKey: Guid(40f2c758ab0ddff4c8ed1ac7805c4127) Importer(815301076,1909f56bfc062723c751e8b465ee728b)
Start importing Assets/Scripts/APIController.cs using Guid(40f2c758ab0ddff4c8ed1ac7805c4127) Importer(815301076,1909f56bfc062723c751e8b465ee728b)  -> (artifact id: '5cdda7e7300738b209b33dbaebbc75fb') in 0.012711 seconds
  Import took 0.094369 seconds .

========================================================================
Received Import Request.
  Time since last request: 0.005889 seconds.
  path: Assets/Scripts/APIController.cs
  artifactKey: Guid(40f2c758ab0ddff4c8ed1ac7805c4127) Importer(815301076,1909f56bfc062723c751e8b465ee728b)
Start importing Assets/Scripts/APIController.cs using Guid(40f2c758ab0ddff4c8ed1ac7805c4127) Importer(815301076,1909f56bfc062723c751e8b465ee728b)  -> (artifact id: '5cdda7e7300738b209b33dbaebbc75fb') in 0.003996 seconds
  Import took 0.007063 seconds .

========================================================================
Received Prepare
Registering precompiled user dll's ...
Registered in 0.000952 seconds.
Begin MonoManager ReloadAssembly
Native extension for WindowsStandalone target not found
Refreshing native plugins compatible for Editor in 0.37 ms, found 0 plugins.
Preloading 0 native plugins for Editor in 0.00 ms.
Warning: Annotation not found!
UnityEngine.StackTraceUtility:ExtractStackTrace ()
UnityEditor.ProBuilder.EditorUtility:SetGizmoIconEnabled (System.Type,bool) (at Library/PackageCache/com.unity.probuilder@4.4.0/Editor/EditorCore/EditorUtility.cs:593)
UnityEditor.ProBuilder.HierarchyListener:.cctor () (at Library/PackageCache/com.unity.probuilder@4.4.0/Editor/EditorCore/HierarchyListener.cs:21)
System.Runtime.CompilerServices.RuntimeHelpers:RunClassConstructor (System.RuntimeTypeHandle)
UnityEditor.EditorAssemblies:ProcessInitializeOnLoadAttributes (System.Type[])

[Library/PackageCache/com.unity.probuilder@4.4.0/Editor/EditorCore/EditorUtility.cs line 593]

Invoked RoslynAnalysisRunner static constructor.
RoslynAnalysisRunner will not be running.
RoslynAnalysisRunner has terminated.
Mono: successfully reloaded assembly
- Completed reload, in  1.055 seconds
Platform modules already initialized, skipping
Refreshing native plugins compatible for Editor in 0.29 ms, found 0 plugins.
Preloading 0 native plugins for Editor in 0.00 ms.
Unloading 1439 Unused Serialized files (Serialized files now loaded: 0)
System memory in use before: 71.7 MB.
System memory in use after: 71.8 MB.

Unloading 5 unused Assets to reduce memory usage. Loaded Objects now: 1943.
Total: 2.244100 ms (FindLiveObjects: 0.180300 ms CreateObjectMapping: 0.053200 ms MarkObjects: 1.934800 ms  DeleteObjects: 0.074900 ms)

========================================================================
Received Import Request.
  Time since last request: 42.778346 seconds.
  path: Assets/Scripts/APIController.cs
  artifactKey: Guid(40f2c758ab0ddff4c8ed1ac7805c4127) Importer(815301076,1909f56bfc062723c751e8b465ee728b)
Start importing Assets/Scripts/APIController.cs using Guid(40f2c758ab0ddff4c8ed1ac7805c4127) Importer(815301076,1909f56bfc062723c751e8b465ee728b)  -> (artifact id: 'a0499dbfc9c69647b18f19649f6859d2') in 0.005704 seconds
  Import took 0.066387 seconds .

========================================================================
Received Import Request.
  Time since last request: 1.631393 seconds.
  path: Assets/Scripts/APIController.cs
  artifactKey: Guid(40f2c758ab0ddff4c8ed1ac7805c4127) Importer(815301076,1909f56bfc062723c751e8b465ee728b)
Start importing Assets/Scripts/APIController.cs using Guid(40f2c758ab0ddff4c8ed1ac7805c4127) Importer(815301076,1909f56bfc062723c751e8b465ee728b)  -> (artifact id: 'a0499dbfc9c69647b18f19649f6859d2') in 0.004154 seconds
  Import took 0.006854 seconds .

========================================================================
Received Prepare
Registering precompiled user dll's ...
Registered in 0.000862 seconds.
Begin MonoManager ReloadAssembly
Native extension for WindowsStandalone target not found
Refreshing native plugins compatible for Editor in 0.25 ms, found 0 plugins.
Preloading 0 native plugins for Editor in 0.00 ms.
Warning: Annotation not found!
UnityEngine.StackTraceUtility:ExtractStackTrace ()
UnityEditor.ProBuilder.EditorUtility:SetGizmoIconEnabled (System.Type,bool) (at Library/PackageCache/com.unity.probuilder@4.4.0/Editor/EditorCore/EditorUtility.cs:593)
UnityEditor.ProBuilder.HierarchyListener:.cctor () (at Library/PackageCache/com.unity.probuilder@4.4.0/Editor/EditorCore/HierarchyListener.cs:21)
System.Runtime.CompilerServices.RuntimeHelpers:RunClassConstructor (System.RuntimeTypeHandle)
UnityEditor.EditorAssemblies:ProcessInitializeOnLoadAttributes (System.Type[])

[Library/PackageCache/com.unity.probuilder@4.4.0/Editor/EditorCore/EditorUtility.cs line 593]

Invoked RoslynAnalysisRunner static constructor.
RoslynAnalysisRunner will not be running.
RoslynAnalysisRunner has terminated.
Mono: successfully reloaded assembly
- Completed reload, in  0.919 seconds
Platform modules already initialized, skipping
Refreshing native plugins compatible for Editor in 0.33 ms, found 0 plugins.
Preloading 0 native plugins for Editor in 0.00 ms.
Unloading 1439 Unused Serialized files (Serialized files now loaded: 0)
System memory in use before: 71.3 MB.
System memory in use after: 71.3 MB.

Unloading 5 unused Assets to reduce memory usage. Loaded Objects now: 1945.
Total: 2.503200 ms (FindLiveObjects: 0.199900 ms CreateObjectMapping: 0.061600 ms MarkObjects: 2.135700 ms  DeleteObjects: 0.104800 ms)

========================================================================
Received Import Request.
  Time since last request: 42.616635 seconds.
  path: Assets/Scripts/APIController.cs
  artifactKey: Guid(40f2c758ab0ddff4c8ed1ac7805c4127) Importer(815301076,1909f56bfc062723c751e8b465ee728b)
Start importing Assets/Scripts/APIController.cs using Guid(40f2c758ab0ddff4c8ed1ac7805c4127) Importer(815301076,1909f56bfc062723c751e8b465ee728b)  -> (artifact id: 'd272b7fe9fecbc089ef054e07f1ec7b3') in 0.005189 seconds
  Import took 0.013917 seconds .

========================================================================
Received Import Request.
  Time since last request: 1.824681 seconds.
  path: Assets/Scripts/APIController.cs
  artifactKey: Guid(40f2c758ab0ddff4c8ed1ac7805c4127) Importer(815301076,1909f56bfc062723c751e8b465ee728b)
Start importing Assets/Scripts/APIController.cs using Guid(40f2c758ab0ddff4c8ed1ac7805c4127) Importer(815301076,1909f56bfc062723c751e8b465ee728b)  -> (artifact id: 'd272b7fe9fecbc089ef054e07f1ec7b3') in 0.003448 seconds
  Import took 0.006231 seconds .

========================================================================
Received Prepare
Registering precompiled user dll's ...
Registered in 0.001512 seconds.
Begin MonoManager ReloadAssembly
Native extension for WindowsStandalone target not found
Refreshing native plugins compatible for Editor in 0.26 ms, found 0 plugins.
Preloading 0 native plugins for Editor in 0.00 ms.
Warning: Annotation not found!
UnityEngine.StackTraceUtility:ExtractStackTrace ()
UnityEditor.ProBuilder.EditorUtility:SetGizmoIconEnabled (System.Type,bool) (at Library/PackageCache/com.unity.probuilder@4.4.0/Editor/EditorCore/EditorUtility.cs:593)
UnityEditor.ProBuilder.HierarchyListener:.cctor () (at Library/PackageCache/com.unity.probuilder@4.4.0/Editor/EditorCore/HierarchyListener.cs:21)
System.Runtime.CompilerServices.RuntimeHelpers:RunClassConstructor (System.RuntimeTypeHandle)
UnityEditor.EditorAssemblies:ProcessInitializeOnLoadAttributes (System.Type[])

[Library/PackageCache/com.unity.probuilder@4.4.0/Editor/EditorCore/EditorUtility.cs line 593]

Invoked RoslynAnalysisRunner static constructor.
RoslynAnalysisRunner will not be running.
RoslynAnalysisRunner has terminated.
Mono: successfully reloaded assembly
- Completed reload, in  1.318 seconds
Platform modules already initialized, skipping
Refreshing native plugins compatible for Editor in 0.28 ms, found 0 plugins.
Preloading 0 native plugins for Editor in 0.00 ms.
Unloading 1439 Unused Serialized files (Serialized files now loaded: 0)
System memory in use before: 71.6 MB.
System memory in use after: 71.7 MB.

Unloading 5 unused Assets to reduce memory usage. Loaded Objects now: 1947.
Total: 2.498500 ms (FindLiveObjects: 0.199800 ms CreateObjectMapping: 0.119100 ms MarkObjects: 2.026100 ms  DeleteObjects: 0.152200 ms)

========================================================================
Received Import Request.
  Time since last request: 105.583684 seconds.
  path: Assets/Scripts/APIController.cs
  artifactKey: Guid(40f2c758ab0ddff4c8ed1ac7805c4127) Importer(815301076,1909f56bfc062723c751e8b465ee728b)
Start importing Assets/Scripts/APIController.cs using Guid(40f2c758ab0ddff4c8ed1ac7805c4127) Importer(815301076,1909f56bfc062723c751e8b465ee728b)  -> (artifact id: 'f13c729e429eb3b2aa897fa1dc45fc47') in 0.006077 seconds
  Import took 0.125626 seconds .

AssetImportWorkerClient::OnTransportError - code=2 error=End of file
